SF:lib/src/base.dart
DA:9,2600
DA:16,2600
DA:27,2
DA:28,6
DA:35,2
DA:47,4
DA:48,6
DA:49,2
DA:52,1
DA:53,9
DA:56,1
DA:57,4
DA:59,1
DA:67,2598
DA:80,2
DA:81,8
DA:88,2598
DA:100,2
DA:101,2
DA:103,2
DA:104,1
DA:105,2
DA:106,1
DA:107,2
DA:108,1
DA:110,1
DA:113,2
DA:130,790
DA:137,2
DA:138,4
DA:141,4
DA:143,2
DA:144,2
DA:145,6
DA:146,2
DA:176,810
DA:199,2
DA:200,10
DA:203,2
DA:204,8
DA:205,4
DA:207,2
DA:208,2
DA:211,2
DA:212,2
DA:213,6
DA:214,2
DA:255,1002
DA:362,2
DA:363,2
DA:364,2
DA:365,2
DA:366,2
DA:367,2
DA:368,2
DA:369,2
DA:370,2
DA:371,2
DA:372,2
DA:373,2
DA:374,2
DA:375,2
DA:376,2
DA:377,2
DA:378,2
DA:379,2
DA:380,2
DA:384,2
DA:385,8
DA:386,4
DA:388,2
DA:389,2
DA:392,2
DA:393,2
DA:394,6
DA:395,2
DA:414,998
DA:441,2
DA:443,12
DA:445,2
DA:446,2
DA:448,4
LF:82
LH:82
BRDA:9,0,0,4
BRDA:16,0,0,4
BRDA:27,0,0,2
BRDA:35,0,0,2
BRDA:47,0,0,2
BRDA:52,0,0,1
BRDA:56,0,0,1
BRDA:59,0,0,1
BRDA:67,0,0,2
BRDA:80,0,0,2
BRDA:88,0,0,2
BRDA:100,0,0,2
BRDA:113,0,0,1
BRDA:130,0,0,2
BRDA:137,0,0,2
BRDA:141,0,0,2
BRDA:143,0,0,2
BRDA:176,0,0,2
BRDA:199,0,0,2
BRDA:203,0,0,2
BRDA:204,0,0,2
BRDA:211,0,0,2
BRDA:255,0,0,2
BRDA:362,0,0,2
BRDA:384,0,0,2
BRDA:385,0,0,2
BRDA:392,0,0,2
BRDA:414,0,0,2
BRDA:441,0,0,2
BRDA:445,0,0,2
BRDA:448,0,0,2
end_of_record
SF:lib/src/base.g.dart
DA:9,1
DA:10,1
DA:11,1
DA:12,1
DA:13,2
DA:14,2
DA:15,1
DA:18,1
DA:19,1
DA:20,1
DA:21,1
DA:22,1
DA:23,1
DA:24,1
DA:27,4
DA:28,2
DA:29,2
DA:30,2
DA:31,4
DA:32,4
DA:35,4
DA:36,2
DA:37,2
DA:38,2
DA:39,2
DA:40,2
DA:43,4
DA:44,2
DA:45,2
DA:46,2
DA:47,2
DA:48,2
DA:49,2
DA:50,6
DA:51,2
DA:52,4
DA:53,4
DA:56,4
DA:57,2
DA:58,2
DA:59,2
DA:60,2
DA:61,2
DA:62,2
DA:63,2
DA:64,2
DA:67,4
DA:68,2
DA:69,2
DA:70,2
DA:71,2
DA:72,2
DA:73,2
DA:74,2
DA:75,2
DA:76,2
DA:77,2
DA:78,2
DA:79,2
DA:80,2
DA:81,2
DA:82,2
DA:83,2
DA:84,6
DA:85,2
DA:86,2
DA:87,2
DA:88,6
DA:89,2
DA:90,2
DA:91,4
DA:92,4
DA:93,4
DA:96,4
DA:97,2
DA:98,2
DA:99,2
DA:100,2
DA:101,2
DA:102,2
DA:103,2
DA:104,2
DA:105,2
DA:106,2
DA:107,2
DA:108,2
DA:109,2
DA:110,2
DA:111,2
DA:112,2
DA:113,2
DA:114,2
DA:115,2
DA:116,2
DA:117,2
DA:118,2
DA:121,4
DA:122,2
DA:123,2
DA:124,2
DA:125,2
DA:126,2
DA:129,4
DA:130,2
DA:131,2
DA:132,2
DA:133,2
DA:134,2
LF:108
LH:108
BRDA:9,0,0,1
BRDA:18,0,0,1
BRDA:27,0,0,2
BRDA:35,0,0,2
BRDA:43,0,0,2
BRDA:50,0,0,2
BRDA:56,0,0,2
BRDA:67,0,0,2
BRDA:84,0,0,2
BRDA:88,0,0,2
BRDA:96,0,0,2
BRDA:121,0,0,2
BRDA:129,0,0,2
end_of_record
SF:lib/src/extensions.dart
DA:11,3
DA:18,4
DA:19,4
DA:21,8
DA:23,4
DA:24,4
DA:25,4
DA:39,1
DA:40,2
DA:41,2
DA:42,2
DA:43,2
DA:44,3
DA:45,3
DA:46,2
DA:47,5
DA:48,5
DA:50,1
DA:53,4
DA:54,12
DA:55,12
DA:56,16
DA:71,6
DA:72,10
DA:73,3
DA:74,10
DA:75,3
DA:76,3
DA:77,1
DA:90,2
DA:91,3
DA:92,1
DA:93,2
DA:102,9
DA:110,12
DA:115,1
DA:116,5
DA:117,1
DA:118,5
DA:119,2
DA:120,1
DA:126,9
DA:134,3
DA:139,1
DA:140,3
DA:145,1
DA:146,2
DA:148,1
DA:154,1
DA:155,2
DA:156,1
DA:157,1
DA:158,5
DA:159,2
DA:160,1
DA:161,1
DA:162,3
DA:163,2
DA:170,1
DA:171,1
DA:172,1
DA:173,5
DA:174,1
LF:63
LH:63
BRDA:11,0,0,1
BRDA:18,0,0,4
BRDA:21,0,0,4
BRDA:39,0,0,1
BRDA:53,0,0,4
BRDA:71,0,0,3
BRDA:90,0,0,1
BRDA:102,0,0,3
BRDA:110,0,0,4
BRDA:115,0,0,1
BRDA:118,0,0,1
BRDA:126,0,0,3
BRDA:134,0,0,1
BRDA:139,0,0,1
BRDA:145,0,0,1
BRDA:154,0,0,1
BRDA:158,0,0,1
BRDA:162,0,0,1
BRDA:163,0,0,1
BRDA:170,0,0,1
BRDA:173,0,0,1
end_of_record
SF:lib/earth.dart
DA:16,3
DA:18,9
DA:20,6
DA:23,6
DA:28,1
DA:29,1
DA:30,1
DA:31,6
DA:32,6
DA:39,3
DA:40,9
DA:45,3
DA:46,6
DA:51,3
DA:52,6
DA:57,1
DA:58,2
DA:61,1
DA:69,1
DA:70,1
DA:71,1
DA:79,4
DA:80,1
DA:81,2
DA:82,1
DA:83,5
DA:85,1
LF:27
LH:27
BRDA:16,0,0,3
BRDA:18,0,0,6
BRDA:20,0,0,3
BRDA:23,0,0,3
BRDA:28,0,0,1
BRDA:31,0,0,1
BRDA:32,0,0,2
BRDA:39,0,0,3
BRDA:45,0,0,3
BRDA:51,0,0,3
BRDA:57,0,0,1
BRDA:69,0,0,1
BRDA:79,0,0,1
BRDA:83,0,0,1
end_of_record
